{
  "stats": {
    "suites": 1,
    "tests": 7,
    "passes": 7,
    "pending": 0,
    "failures": 0,
    "start": "2025-02-17T09:23:00.632Z",
    "end": "2025-02-17T09:23:21.515Z",
    "duration": 20883,
    "testsRegistered": 7,
    "passPercent": 100,
    "pendingPercent": 0,
    "other": 0,
    "hasOther": false,
    "skipped": 0,
    "hasSkipped": false
  },
  "results": [
    {
      "uuid": "3216bcfd-9861-4dca-a2b0-318d7c15825c",
      "title": "",
      "fullFile": "D:\\paytunes - Copy\\shoutl\\test\\ad_manager\\ad_manager.js",
      "file": "\\test\\ad_manager\\ad_manager.js",
      "beforeHooks": [],
      "afterHooks": [],
      "tests": [],
      "suites": [
        {
          "uuid": "3cfab0e1-d3e7-4dcc-b60e-4db4f43082d2",
          "title": "Login and move to Ad manager to create ads",
          "fullFile": "D:\\paytunes - Copy\\shoutl\\test\\ad_manager\\ad_manager.js",
          "file": "\\test\\ad_manager\\ad_manager.js",
          "beforeHooks": [
            {
              "title": "\"before all\" hook in \"Login and move to Ad manager to create ads\"",
              "fullTitle": "Login and move to Ad manager to create ads \"before all\" hook in \"Login and move to Ad manager to create ads\"",
              "timedOut": false,
              "duration": 2823,
              "state": null,
              "speed": null,
              "pass": false,
              "fail": false,
              "pending": false,
              "context": null,
              "code": "driver = await new Builder().forBrowser(Browser.CHROME).build();\nawait maximizeWindow(driver);",
              "err": {},
              "uuid": "7aee6045-cd6b-4308-8294-5a5fd95f9e4d",
              "parentUUID": "3cfab0e1-d3e7-4dcc-b60e-4db4f43082d2",
              "isHook": true,
              "skipped": false
            }
          ],
          "afterHooks": [
            {
              "title": "\"after all\" hook in \"Login and move to Ad manager to create ads\"",
              "fullTitle": "Login and move to Ad manager to create ads \"after all\" hook in \"Login and move to Ad manager to create ads\"",
              "timedOut": false,
              "duration": 323,
              "state": null,
              "speed": null,
              "pass": false,
              "fail": false,
              "pending": false,
              "context": null,
              "code": "await driver.quit();\nconsole.log('Test Suite completed');",
              "err": {},
              "uuid": "98dd6d15-a0d6-459d-881d-c99d771e014a",
              "parentUUID": "3cfab0e1-d3e7-4dcc-b60e-4db4f43082d2",
              "isHook": true,
              "skipped": false
            }
          ],
          "tests": [
            {
              "title": "should fetch the website",
              "fullTitle": "Login and move to Ad manager to create ads should fetch the website",
              "timedOut": false,
              "duration": 1550,
              "state": "passed",
              "speed": "slow",
              "pass": true,
              "fail": false,
              "pending": false,
              "context": null,
              "code": "// let currentUrl = await driver.getwebsite_url();\nawait driver.get(website_url);\nconsole.log(`Current URL: ${website_url}`);\n// expect(currentUrl).to.equal(website_url);\nawait takeScreenshot(driver, 'before_login.png');",
              "err": {},
              "uuid": "77f1a339-3224-4106-a3a9-e45ec7abd128",
              "parentUUID": "3cfab0e1-d3e7-4dcc-b60e-4db4f43082d2",
              "isHook": false,
              "skipped": false
            },
            {
              "title": "should login with valid credentials",
              "fullTitle": "Login and move to Ad manager to create ads should login with valid credentials",
              "timedOut": false,
              "duration": 483,
              "state": "passed",
              "speed": "slow",
              "pass": true,
              "fail": false,
              "pending": false,
              "context": null,
              "code": "//enter email and password to login\n                await driver.wait(until.elementLocated(By.id('email')), 25000);\n                await driver.findElement(By.id('email')).sendKeys(stg_username);\n                await driver.wait(until.elementLocated(By.id('password')), 25000);\n                await driver.findElement(By.id('password')).sendKeys(stg_password);\n                await takeScreenshot(driver, 'after_login.png');",
              "err": {},
              "uuid": "7956065b-6022-434f-b6da-de3765e2813b",
              "parentUUID": "3cfab0e1-d3e7-4dcc-b60e-4db4f43082d2",
              "isHook": false,
              "skipped": false
            },
            {
              "title": "should click on the submit button",
              "fullTitle": "Login and move to Ad manager to create ads should click on the submit button",
              "timedOut": false,
              "duration": 2373,
              "state": "passed",
              "speed": "slow",
              "pass": true,
              "fail": false,
              "pending": false,
              "context": null,
              "code": "await driver.wait(until.elementLocated(By.xpath(\"//button[@type='submit']\")), 3000);\nawait driver.findElement(By.xpath(\"//button[@type='submit']\")).click();\nawait driver.sleep(2000);\nawait takeScreenshot(driver, 'after_submit.png');",
              "err": {},
              "uuid": "d15fa18f-d425-4810-97b0-5864e0501461",
              "parentUUID": "3cfab0e1-d3e7-4dcc-b60e-4db4f43082d2",
              "isHook": false,
              "skipped": false
            },
            {
              "title": "should click to cut the form",
              "fullTitle": "Login and move to Ad manager to create ads should click to cut the form",
              "timedOut": false,
              "duration": 5536,
              "state": "passed",
              "speed": "slow",
              "pass": true,
              "fail": false,
              "pending": false,
              "context": null,
              "code": "await driver.sleep(5000);\nawait driver.wait(until.elementLocated(By.xpath(\"//div[@class='relative']/span\")), 10000);\nawait driver.findElement(By.xpath(\"//div[@class='relative']/span\")).click();\nawait takeScreenshot(driver, 'after_cut.png');",
              "err": {},
              "uuid": "2e7015fc-e062-4257-ba2e-8a929ef87f09",
              "parentUUID": "3cfab0e1-d3e7-4dcc-b60e-4db4f43082d2",
              "isHook": false,
              "skipped": false
            },
            {
              "title": "should click on the ad manager on the left nav bar",
              "fullTitle": "Login and move to Ad manager to create ads should click on the ad manager on the left nav bar",
              "timedOut": false,
              "duration": 2398,
              "state": "passed",
              "speed": "slow",
              "pass": true,
              "fail": false,
              "pending": false,
              "context": null,
              "code": "await driver.wait(until.elementLocated(By.xpath(\"//a[@href='/ad-manager']\")), 5000);\nawait driver.findElement(By.xpath(\"//a[@href='/ad-manager']\")).click();\nconsole.log(\"Clicked on the ad manager on the left navbar successfully\");\nawait driver.sleep(2000);\nawait takeScreenshot(driver, 'ad-manager.png');",
              "err": {},
              "uuid": "e4d5397b-62b8-459c-8ab7-9d0bfb0ce6db",
              "parentUUID": "3cfab0e1-d3e7-4dcc-b60e-4db4f43082d2",
              "isHook": false,
              "skipped": false
            },
            {
              "title": "should get the text from create audio",
              "fullTitle": "Login and move to Ad manager to create ads should get the text from create audio",
              "timedOut": false,
              "duration": 35,
              "state": "passed",
              "speed": "fast",
              "pass": true,
              "fail": false,
              "pending": false,
              "context": null,
              "code": "await driver.wait(until.elementLocated(By.xpath(audio_text_xpath)), 5000);\ntext = await driver.findElement(By.xpath(audio_text_xpath)).getText();\nconsole.log(`Text from create audio: ${text}`);",
              "err": {},
              "uuid": "202c73b8-dbd8-4679-9acb-2132e088488b",
              "parentUUID": "3cfab0e1-d3e7-4dcc-b60e-4db4f43082d2",
              "isHook": false,
              "skipped": false
            },
            {
              "title": "compare the text and take the action accordingly",
              "fullTitle": "Login and move to Ad manager to create ads compare the text and take the action accordingly",
              "timedOut": false,
              "duration": 5349,
              "state": "passed",
              "speed": "slow",
              "pass": true,
              "fail": false,
              "pending": false,
              "context": null,
              "code": "newtext = text;\nif (newtext === 'Create audio now!') {\n    await openCreateAudioPage();          \n    \n}\nelse if(newtext === 'Buy audio now!') {\n    await buyAudioCredits();\n    \n    console.log('Create audio not found') };",
              "err": {},
              "uuid": "d224b18d-28e5-4306-9cde-17c4c42b07c2",
              "parentUUID": "3cfab0e1-d3e7-4dcc-b60e-4db4f43082d2",
              "isHook": false,
              "skipped": false
            }
          ],
          "suites": [],
          "passes": [
            "77f1a339-3224-4106-a3a9-e45ec7abd128",
            "7956065b-6022-434f-b6da-de3765e2813b",
            "d15fa18f-d425-4810-97b0-5864e0501461",
            "2e7015fc-e062-4257-ba2e-8a929ef87f09",
            "e4d5397b-62b8-459c-8ab7-9d0bfb0ce6db",
            "202c73b8-dbd8-4679-9acb-2132e088488b",
            "d224b18d-28e5-4306-9cde-17c4c42b07c2"
          ],
          "failures": [],
          "pending": [],
          "skipped": [],
          "duration": 17724,
          "root": false,
          "rootEmpty": false,
          "_timeout": 25000
        }
      ],
      "passes": [],
      "failures": [],
      "pending": [],
      "skipped": [],
      "duration": 0,
      "root": true,
      "rootEmpty": true,
      "_timeout": 50000
    }
  ],
  "meta": {
    "mocha": {
      "version": "11.0.1"
    },
    "mochawesome": {
      "options": {
        "quiet": false,
        "reportFilename": "mochawesome",
        "saveHtml": true,
        "saveJson": true,
        "consoleReporter": "spec",
        "useInlineDiffs": false,
        "code": true
      },
      "version": "7.1.3"
    },
    "marge": {
      "options": null,
      "version": "6.2.0"
    }
  }
}