{
  "stats": {
    "suites": 1,
    "tests": 7,
    "passes": 7,
    "pending": 0,
    "failures": 0,
    "start": "2025-01-03T05:31:02.602Z",
    "end": "2025-01-03T05:31:20.848Z",
    "duration": 18246,
    "testsRegistered": 7,
    "passPercent": 100,
    "pendingPercent": 0,
    "other": 0,
    "hasOther": false,
    "skipped": 0,
    "hasSkipped": false
  },
  "results": [
    {
      "uuid": "d5edb260-9dc2-4ea4-ae41-f2f9dbf4004e",
      "title": "",
      "fullFile": "D:\\paytunes - Copy\\shoutl\\test\\ad_manager\\ad_manager.js",
      "file": "\\test\\ad_manager\\ad_manager.js",
      "beforeHooks": [],
      "afterHooks": [],
      "tests": [],
      "suites": [
        {
          "uuid": "00fd62c3-193d-44ee-8452-e4b8610beaa6",
          "title": "Login and move to Ad manager to create ads",
          "fullFile": "D:\\paytunes - Copy\\shoutl\\test\\ad_manager\\ad_manager.js",
          "file": "\\test\\ad_manager\\ad_manager.js",
          "beforeHooks": [
            {
              "title": "\"before all\" hook in \"Login and move to Ad manager to create ads\"",
              "fullTitle": "Login and move to Ad manager to create ads \"before all\" hook in \"Login and move to Ad manager to create ads\"",
              "timedOut": false,
              "duration": 940,
              "state": null,
              "speed": null,
              "pass": false,
              "fail": false,
              "pending": false,
              "context": null,
              "code": "driver = await new Builder().forBrowser(Browser.CHROME).build();\nawait maximizeWindow(driver);",
              "err": {},
              "uuid": "47f2bc3e-e8f1-4f38-af40-bbdfe726b12d",
              "parentUUID": "00fd62c3-193d-44ee-8452-e4b8610beaa6",
              "isHook": true,
              "skipped": false
            }
          ],
          "afterHooks": [
            {
              "title": "\"after all\" hook in \"Login and move to Ad manager to create ads\"",
              "fullTitle": "Login and move to Ad manager to create ads \"after all\" hook in \"Login and move to Ad manager to create ads\"",
              "timedOut": false,
              "duration": 126,
              "state": null,
              "speed": null,
              "pass": false,
              "fail": false,
              "pending": false,
              "context": null,
              "code": "await driver.quit();\nconsole.log('Test Suite completed');",
              "err": {},
              "uuid": "ddd9522f-3fd8-449a-a771-235b2f2b99ef",
              "parentUUID": "00fd62c3-193d-44ee-8452-e4b8610beaa6",
              "isHook": true,
              "skipped": false
            }
          ],
          "tests": [
            {
              "title": "should fetch the website",
              "fullTitle": "Login and move to Ad manager to create ads should fetch the website",
              "timedOut": false,
              "duration": 1213,
              "state": "passed",
              "speed": "slow",
              "pass": true,
              "fail": false,
              "pending": false,
              "context": null,
              "code": "// let currentUrl = await driver.getwebsite_url();\nawait driver.get(website_url);\nconsole.log(`Current URL: ${website_url}`);\n// expect(currentUrl).to.equal(website_url);\nawait takeScreenshot(driver, 'before_login.png');",
              "err": {},
              "uuid": "5d1e6685-b3d5-43bc-82ec-7b18834a46ac",
              "parentUUID": "00fd62c3-193d-44ee-8452-e4b8610beaa6",
              "isHook": false,
              "skipped": false
            },
            {
              "title": "should login with valid credentials",
              "fullTitle": "Login and move to Ad manager to create ads should login with valid credentials",
              "timedOut": false,
              "duration": 447,
              "state": "passed",
              "speed": "slow",
              "pass": true,
              "fail": false,
              "pending": false,
              "context": null,
              "code": "//enter email and password to login\n                await driver.wait(until.elementLocated(By.id('email')), 25000);\n                await driver.findElement(By.id('email')).sendKeys(stg_username);\n                await driver.wait(until.elementLocated(By.id('password')), 25000);\n                await driver.findElement(By.id('password')).sendKeys(stg_password);\n                await takeScreenshot(driver, 'after_login.png');",
              "err": {},
              "uuid": "1fd97e04-320e-44e7-ac23-328aceaf9829",
              "parentUUID": "00fd62c3-193d-44ee-8452-e4b8610beaa6",
              "isHook": false,
              "skipped": false
            },
            {
              "title": "should click on the submit button",
              "fullTitle": "Login and move to Ad manager to create ads should click on the submit button",
              "timedOut": false,
              "duration": 2252,
              "state": "passed",
              "speed": "slow",
              "pass": true,
              "fail": false,
              "pending": false,
              "context": null,
              "code": "await driver.wait(until.elementLocated(By.xpath(\"//button[@type='submit']\")), 3000);\nawait driver.findElement(By.xpath(\"//button[@type='submit']\")).click();\nawait driver.sleep(2000);\nawait takeScreenshot(driver, 'after_submit.png');",
              "err": {},
              "uuid": "f5272113-3bda-4d80-b2eb-0daf7eb53327",
              "parentUUID": "00fd62c3-193d-44ee-8452-e4b8610beaa6",
              "isHook": false,
              "skipped": false
            },
            {
              "title": "should click to cut the form",
              "fullTitle": "Login and move to Ad manager to create ads should click to cut the form",
              "timedOut": false,
              "duration": 5571,
              "state": "passed",
              "speed": "slow",
              "pass": true,
              "fail": false,
              "pending": false,
              "context": null,
              "code": "await driver.sleep(5000);\nawait driver.wait(until.elementLocated(By.xpath(\"//div[@class='relative']/span\")), 10000);\nawait driver.findElement(By.xpath(\"//div[@class='relative']/span\")).click();\nawait takeScreenshot(driver, 'after_cut.png');",
              "err": {},
              "uuid": "01ca1a9c-4f8b-4034-9f1e-c48992a2b930",
              "parentUUID": "00fd62c3-193d-44ee-8452-e4b8610beaa6",
              "isHook": false,
              "skipped": false
            },
            {
              "title": "should click on the ad manager on the left nav bar",
              "fullTitle": "Login and move to Ad manager to create ads should click on the ad manager on the left nav bar",
              "timedOut": false,
              "duration": 2466,
              "state": "passed",
              "speed": "slow",
              "pass": true,
              "fail": false,
              "pending": false,
              "context": null,
              "code": "await driver.wait(until.elementLocated(By.xpath(\"//a[@href='/ad-manager']\")), 5000);\nawait driver.findElement(By.xpath(\"//a[@href='/ad-manager']\")).click();\nconsole.log(\"Clicked on the ad manager on the left navbar successfully\");\nawait driver.sleep(2000);\nawait takeScreenshot(driver, 'ad-manager.png');",
              "err": {},
              "uuid": "5c81a088-e13b-49ee-8f9e-fa8c1aa383f2",
              "parentUUID": "00fd62c3-193d-44ee-8452-e4b8610beaa6",
              "isHook": false,
              "skipped": false
            },
            {
              "title": "should get the text from create audio",
              "fullTitle": "Login and move to Ad manager to create ads should get the text from create audio",
              "timedOut": false,
              "duration": 44,
              "state": "passed",
              "speed": "medium",
              "pass": true,
              "fail": false,
              "pending": false,
              "context": null,
              "code": "await driver.wait(until.elementLocated(By.xpath(audio_text_xpath)), 5000);\ntext = await driver.findElement(By.xpath(audio_text_xpath)).getText();\nconsole.log(`Text from create audio: ${text}`);",
              "err": {},
              "uuid": "b6ac3450-f249-436b-83a4-19d3877313f0",
              "parentUUID": "00fd62c3-193d-44ee-8452-e4b8610beaa6",
              "isHook": false,
              "skipped": false
            },
            {
              "title": "compare the text and take the action accordingly",
              "fullTitle": "Login and move to Ad manager to create ads compare the text and take the action accordingly",
              "timedOut": false,
              "duration": 5176,
              "state": "passed",
              "speed": "slow",
              "pass": true,
              "fail": false,
              "pending": false,
              "context": null,
              "code": "newtext = text;\nif (newtext === 'Create audio now!') {\n    await driver.wait(until.elementLocated(By.xpath(audio_text_xpath)), 5000);\n    await driver.findElement(By.xpath(audio_text_xpath)).click();\n    await driver.sleep(5000);\n    await takeScreenshot(driver, 'createAudioPage.png');\n    \n    console.log('clicked on the Create audio now button successfully');\n    // it('Click to create audio now!', async () => {\n       \n    // })                   \n    \n}\nelse { console.log('Create audio not found') };",
              "err": {},
              "uuid": "2ed3b6bc-bc35-4614-816c-79d2f17e19cf",
              "parentUUID": "00fd62c3-193d-44ee-8452-e4b8610beaa6",
              "isHook": false,
              "skipped": false
            }
          ],
          "suites": [],
          "passes": [
            "5d1e6685-b3d5-43bc-82ec-7b18834a46ac",
            "1fd97e04-320e-44e7-ac23-328aceaf9829",
            "f5272113-3bda-4d80-b2eb-0daf7eb53327",
            "01ca1a9c-4f8b-4034-9f1e-c48992a2b930",
            "5c81a088-e13b-49ee-8f9e-fa8c1aa383f2",
            "b6ac3450-f249-436b-83a4-19d3877313f0",
            "2ed3b6bc-bc35-4614-816c-79d2f17e19cf"
          ],
          "failures": [],
          "pending": [],
          "skipped": [],
          "duration": 17169,
          "root": false,
          "rootEmpty": false,
          "_timeout": 25000
        }
      ],
      "passes": [],
      "failures": [],
      "pending": [],
      "skipped": [],
      "duration": 0,
      "root": true,
      "rootEmpty": true,
      "_timeout": 50000
    }
  ],
  "meta": {
    "mocha": {
      "version": "11.0.1"
    },
    "mochawesome": {
      "options": {
        "quiet": false,
        "reportFilename": "mochawesome",
        "saveHtml": true,
        "saveJson": true,
        "consoleReporter": "spec",
        "useInlineDiffs": false,
        "code": true
      },
      "version": "7.1.3"
    },
    "marge": {
      "options": null,
      "version": "6.2.0"
    }
  }
}